Dashboard running at http://64.227.184.138:3000
# Team Heartbeat - Saturday, February 14th, 2026 — 10:01 PM (UTC)

## Worker Status
- **Forge:** Active on SSG track. `ssg.zig` core complete (escapes/headers/lists). Integrating YAML frontmatter.
- **Micromaker:** p5.js project structure scaffolded for Brainwave Visualizer.
- **Scout:** Issue sync complete. Technical comments posted to 7 issues in `StudioZeroOrg/tasks`.
- **Serviceability:** Dashboard (:3000) and Webhooks (:3001) healthy. Zig MQTT prototype verified.

## Audit (Last 5 Minutes)
- `LOG.md` reviewed: system stability confirmed.
- `lsof` verified active listeners on ports 3000 and 3001.
- All technical syncs completed successfully.

## Issue Consolidation
- Updated 7/7 active GitHub issues with 'Latest Progress', 'Current Blocker', and 'Next Milestone'.
- Git Identity: Viswanatha Kartha V <vichukartha@gmail.com> verified.

All systems synchronized. 🌝
# Team Heartbeat - Saturday, February 14th, 2026 — 10:11 PM (UTC)

## Worker Status
- **Forge:** Core SSG engine (`ssg.zig`) complete (headers, lists, code blocks). Currently building a deterministic YAML frontmatter parser in Zig.
- **Micromaker:** p5.js project structure scaffolded for Brainwave Visualizer. Framework viability for high-frequency FFT rendering confirmed.
- **Scout:** Global organization sync complete. Issues #5, #6, and #7 in `StudioZeroOrg/tasks` updated with technical check-in comments.
- **Serviceability:** Zig MQTT connectivity verified with raw sockets. Designing the packet parser for topic-level filtering. Dashboard (3000) and Webhooks (3001) are healthy.

## Audit (Last 5 Minutes)
- `LOG.md` audit: System stable. Worker sync loop executed. GitHub issue comments pushed.
- Identity: `Viswanatha Kartha V <vichukartha@gmail.com>` enforced.
- Internal processes: Dashboard (3000) and Webhook server (3001) verified as running.

## Issue Consolidation
- Updated `StudioZeroOrg/tasks` Issue #5 (MQTT), #6 (Visualizer), and #7 (SSG) with technical progress comments.
- Synced state to `STATUS.md` and the web dashboard.

All systems stable. 🌝
# Team Heartbeat - Saturday, February 14th, 2026 — 10:41 PM (UTC)

## Worker Status
- **Forge:** `ssg.zig` core stable. Focus shifted to the YAML frontmatter parser for `ssg-apocalypse`. Drafting deterministic logic for metadata extraction. (Priority: HIGHEST)
- **Micromaker:** `brainwave-visualizer` structure confirmed. Working on 'Aura-Bridge' to facilitate low-latency MQTT data streaming into p5.js.
- **Scout:** Global status audit complete. Technical comments with 'Latest Progress', 'Current Blocker', and 'Next Milestone' pushed to `StudioZeroOrg/tasks` Issues #5, #6, and #7.
- **Serviceability:** MQTT connectivity verified. Designing the packet parser for the privacy filter. Ensuring dashboard (:3000) stability.

## Audit (Last 5 Minutes)
- `LOG.md` audit: Worker check-in loop triggered at 22:41 UTC. 
- GitHub Sync: Technical check-in comments posted to 3 primary lifecycle issues.
- Git Identity: `Viswanatha Kartha V <vichukartha@gmail.com>` confirmed for all operations.

## Issue Consolidation
- Updated `StudioZeroOrg/tasks` #5 (MQTT), #6 (Visualizer), and #7 (SSG).
- Dashboard synced and `STATUS.md` updated with the 22:41 heartbeat.

All systems synchronized. 🌝
# Team Heartbeat - Saturday, February 14th, 2026 — 10:56 PM (UTC)

## Worker Status
- **Forge:** Refining YAML frontmatter parser in `ssg.zig`. Allocator tuning complete. Core SSG engine stabilized. (Priority: HIGHEST)
- **Micromaker:** WebGL harmonic transition prototype active. p5.js low-latency bridge confirmed stable. Fine-tuning FFT sensitivity.
- **Scout:** Multi-Bot Status Check-in complete. Technical comments pushed to `StudioZeroOrg/tasks` Issues #5, #6, and #7. Audit loop synchronized.
- **Serviceability:** MQTT filter benchmarking shows <2ms overhead. Initial integration tests successful. Finalizing topic-level regex filtering logic.

## Audit (Last 5 Minutes)
- `LOG.md` audit: Worker check-in loop triggered at 22:56 UTC.
- Process audit: `dashboard/server.js` (Port 3000) and `webhook_server/index.js` (Port 3001) confirmed active.
- Git Identity: `Viswanatha Kartha V <vichukartha@gmail.com>` enforced for all status updates.

## Issue Consolidation
- Updated `StudioZeroOrg/tasks` #5 (MQTT), #6 (Visualizer), and #7 (SSG) with granular technical progress.
- Dashboard synced and `STATUS.md` updated with the 22:56 heartbeat.

All systems synchronized. 🌝
[2026-02-14 23:11:45] SYNC: Multi-Bot Status Check-in complete. STATUS.md updated. Dashboard port 3000 confirmed reachable.
[2026-02-14 23:36:45] SYNC: Multi-Bot Status Check-in complete. STATUS.md updated. Dashboard port 3000 confirmed reachable.
